0 info it worked if it ends with ok
1 verbose cli [ '/usr/local/bin/node', '/usr/local/bin/npm', 'run', 'build-js' ]
2 info using npm@3.10.3
3 info using node@v6.6.0
4 verbose run-script [ 'prebuild-js', 'build-js', 'postbuild-js' ]
5 info lifecycle tipmedev@1.0.0~prebuild-js: tipmedev@1.0.0
6 silly lifecycle tipmedev@1.0.0~prebuild-js: no script for prebuild-js, continuing
7 info lifecycle tipmedev@1.0.0~build-js: tipmedev@1.0.0
8 verbose lifecycle tipmedev@1.0.0~build-js: unsafe-perm in lifecycle true
9 verbose lifecycle tipmedev@1.0.0~build-js: PATH: /usr/local/lib/node_modules/npm/bin/node-gyp-bin:/Volumes/Grid/Projects/Venti 2 Templates/Demo Templates/assets/node_modules/.bin:/usr/local/bin:/Users/aer/.rbenv/shims:/usr/local/bin:/usr/local/bin:/usr/bin:/bin:/usr/sbin:/sbin:/usr/local/git/bin
10 verbose lifecycle tipmedev@1.0.0~build-js: CWD: /Volumes/Grid/Projects/Venti 2 Templates/Demo Templates/assets
11 silly lifecycle tipmedev@1.0.0~build-js: Args: [ '-c', 'webpack --progress --watch' ]
12 silly lifecycle tipmedev@1.0.0~build-js: Returned: code: 2  signal: null
13 info lifecycle tipmedev@1.0.0~build-js: Failed to exec build-js script
14 verbose stack Error: tipmedev@1.0.0 build-js: `webpack --progress --watch`
14 verbose stack Exit status 2
14 verbose stack     at EventEmitter.<anonymous> (/usr/local/lib/node_modules/npm/lib/utils/lifecycle.js:242:16)
14 verbose stack     at emitTwo (events.js:106:13)
14 verbose stack     at EventEmitter.emit (events.js:191:7)
14 verbose stack     at ChildProcess.<anonymous> (/usr/local/lib/node_modules/npm/lib/utils/spawn.js:40:14)
14 verbose stack     at emitTwo (events.js:106:13)
14 verbose stack     at ChildProcess.emit (events.js:191:7)
14 verbose stack     at maybeClose (internal/child_process.js:877:16)
14 verbose stack     at Process.ChildProcess._handle.onexit (internal/child_process.js:226:5)
15 verbose pkgid tipmedev@1.0.0
16 verbose cwd /Volumes/Grid/Projects/Venti 2 Templates/Demo Templates/assets
17 error Darwin 16.1.0
18 error argv "/usr/local/bin/node" "/usr/local/bin/npm" "run" "build-js"
19 error node v6.6.0
20 error npm  v3.10.3
21 error code ELIFECYCLE
22 error tipmedev@1.0.0 build-js: `webpack --progress --watch`
22 error Exit status 2
23 error Failed at the tipmedev@1.0.0 build-js script 'webpack --progress --watch'.
23 error Make sure you have the latest version of node.js and npm installed.
23 error If you do, this is most likely a problem with the tipmedev package,
23 error not with npm itself.
23 error Tell the author that this fails on your system:
23 error     webpack --progress --watch
23 error You can get information on how to open an issue for this project with:
23 error     npm bugs tipmedev
23 error Or if that isn't available, you can get their info via:
23 error     npm owner ls tipmedev
23 error There is likely additional logging output above.
24 verbose exit [ 1, true ]
